Godot Engine v4.5.1.stable.official.f62fdbde1 - https://godotengine.org
TextServer: Added interface "Dummy"
TextServer: Added interface "ICU / HarfBuzz / Graphite (Built-in)"
Unrecognized output string "misc2" in mapping:
030000000d0f00000202000000000000,Horipad O Nintendo Switch 2 Controller,a:b1,b:b0,back:b8,dpdown:h0.4,dpleft:h0.8,dpright:h0.2,dpup:h0.1,guide:b12,leftshoulder:b4,leftstick:b10,lefttrigger:b6,leftx:a0,lefty:a1,misc1:b13,misc2:b14,rightshoulder:b5,rightstick:b11,righttrigger:b7,rightx:a2,righty:a3,start:b9,x:b3,y:b2,platform:Windows,
Unrecognized output string "misc2" in mapping:
030000000d0f00009601000000000000,Horipad Steam,a:b0,b:b1,back:b10,dpdown:h0.4,dpleft:h0.8,dpright:h0.2,dpup:h0.1,guide:b12,leftshoulder:b6,leftstick:b13,lefttrigger:b8,leftx:a0,lefty:a1,misc2:b2,paddle1:b5,paddle2:b15,paddle3:b18,paddle4:b19,rightshoulder:b7,rightstick:b14,righttrigger:b9,rightx:a3,righty:a4,start:b11,x:b3,y:b4,platform:Windows,
Unrecognized output string "misc2" in mapping:
030000007e0500006920000000000000,Nintendo Switch 2 Pro Controller,a:b0,b:b1,back:b14,dpdown:b8,dpleft:b10,dpright:b9,dpup:b11,guide:b16,leftshoulder:b12,leftstick:b15,lefttrigger:b13,leftx:a0,lefty:a1~,misc1:b17,misc2:b20,paddle1:b18,paddle2:b19,rightshoulder:b4,rightstick:b7,righttrigger:b5,rightx:a2,righty:a3~,start:b6,x:b2,y:b3,platform:Windows,
Using "default" pen tablet driver...

TextServer: Primary interface set to: "ICU / HarfBuzz / Graphite (Built-in)".
CORE API HASH: 937899573
EDITOR API HASH: 1777164193
SceneTreeFTI: traversal method DEFAULT
Loading resource: C:/Users/bruno/AppData/Roaming/Godot/editor_settings-4.5.tres
EditorSettings: Load OK!
EditorTheme: Generating new theme for the config '2106092673'.
EditorTheme: Generating new icons.
EditorTheme: Generating new fonts.
EditorTheme: Generating new styles.
Loading resource: C:/Users/bruno/AppData/Local/Godot/editor_doc_cache-4.5.res
Loaded system CA certificates
[   0% ] first_scan_filesystem | Started Inicialização do Projeto (5 steps)
[   0% ] first_scan_filesystem | Escaneando estrutura de arquivos...
[  16% ] first_scan_filesystem | Carregando nomes de classe globais...
[  33% ] first_scan_filesystem | Verificando GDExtensions...
[  50% ] first_scan_filesystem | Criando scripts autoload...
[  66% ] first_scan_filesystem | Inicializando plugins...
Loading resource: res://addons/behavior_states/plugin.gd
Loading resource: res://addons/behavior_states/nodes/behavior.gd
Loading resource: res://addons/behavior_states/assets/icons/behavior.svg
Loading resource: res://.godot/imported/behavior.svg-b3c37103cad03ac40f77488920ccb458.ctex
Loading resource: res://addons/behavior_states/nodes/machine.gd
Loading resource: res://addons/behavior_states/assets/icons/machine.svg
Loading resource: res://.godot/imported/machine.svg-b4b05c687f8608eec1d6312aaa6d99fb.ctex
Loading resource: res://addons/behavior_states/assets/icons/inventory.svg
Loading resource: res://.godot/imported/inventory.svg-c5450d35701a2eefc4a4d0df6c6ffda7.ctex
Loading resource: res://addons/behavior_states/assets/icons/state.svg
Loading resource: res://.godot/imported/state.svg-9864337f6980c83539c396adfd6def45.ctex
Loading resource: res://addons/behavior_states/assets/icons/compose.svg
Loading resource: res://.godot/imported/compose.svg-c6a82503df83c9119548e280fcc28795.ctex
Loading resource: res://addons/behavior_states/assets/icons/item.svg
Loading resource: res://.godot/imported/item.svg-5ded223d090a289e9390c236ba2b4319.ctex
Loading resource: res://addons/behavior_states/assets/icons/skill.svg
Loading resource: res://.godot/imported/skill.svg-f72575fd2b4567c43c3253e7ec647b7d.ctex
Loading resource: res://addons/behavior_states/assets/icons/skill_tree.svg
Loading resource: res://.godot/imported/skill_tree.svg-972a4c62dcbd32765a9e8280fd38a191.ctex
Loading resource: res://addons/behavior_states/assets/icons/character_sheet.svg
Loading resource: res://.godot/imported/character_sheet.svg-314ffd2c4e48fb3d6d6fcd11d1517189.ctex
Loading resource: res://addons/behavior_states/resources/config.gd
Loading resource: res://addons/behavior_states/assets/icons/config.svg
Loading resource: res://.godot/imported/config.svg-6327a14eca2ae817495420e0da4ae5a6.ctex
Loading resource: res://addons/behavior_states/scenes/panel.tscn
Loading resource: res://addons/behavior_states/scenes/panel.gd
Loading resource: res://addons/behavior_states/scenes/tabs/library.tscn
Loading resource: res://addons/behavior_states/assets/theme.tres
Loading resource: res://addons/behavior_states/scenes/tabs/library.gd
Loading resource: res://addons/behavior_states/scenes/tabs/editor.tscn
Loading resource: res://addons/behavior_states/scenes/tabs/editor.gd
Loading resource: res://addons/behavior_states/scenes/tabs/editor_graph.gd
Loading resource: res://addons/behavior_states/scenes/tabs/factory.tscn
Loading resource: res://addons/behavior_states/scenes/tabs/factory.gd
Loading resource: res://addons/behavior_states/scenes/tabs/docs_viewer.tscn
Loading resource: res://addons/behavior_states/scenes/tabs/docs_viewer.gd
Loading resource: res://addons/behavior_states/scenes/components/asset_card.tscn
Loading resource: res://addons/behavior_states/scenes/components/asset_card.gd
Loading resource: res://addons/behavior_states/assets/label.tres
Loading resource: res://addons/behavior_states/data/config.tres
Loading resource: res://entities/player/data/character.tres
Loading resource: res://entities/player/data/compose/BowCompose.tres
Loading resource: res://entities/player/data/states/bow/Idle.tres
Loading resource: res://entities/player/data/states/bow/Walk.tres
Loading resource: res://entities/player/data/states/bow/Run.tres
Loading resource: res://entities/player/data/states/bow/Jump.tres
Loading resource: res://entities/player/data/states/bow/Fall.tres
Loading resource: res://entities/player/data/states/bow/Dash.tres
Loading resource: res://entities/player/data/states/bow/AttackLight.tres
Loading resource: res://entities/player/data/states/bow/projectiles/Arrow.tscn
Loading resource: res://entities/player/data/states/bow/projectiles/Arrow.gd
Loading resource: res://entities/player/data/states/bow/AttackLight2.tres
Loading resource: res://entities/player/data/states/bow/AttackLight3.tres
Loading resource: res://entities/player/data/states/bow/AttackLight2.tres
Loading resource: res://entities/player/data/states/bow/AttackLight3.tres
Loading resource: res://entities/player/data/states/bow/AttackLight3.tres
Loading resource: res://entities/player/data/states/bow/AttackHeavy.tres
Loading resource: res://entities/player/data/states/bow/projectiles/Arrow.tscn
Loading resource: res://entities/player/data/states/bow/DashAttack.tres
Loading resource: res://entities/player/data/states/bow/projectiles/Arrow.tscn
Loading resource: res://entities/player/data/states/bow/Hurt.tres
Loading resource: res://entities/player/data/states/bow/Die.tres
Loading resource: res://entities/player/data/states/bow/HyperDash.tres
Loading resource: res://entities/player/data/compose/KatanaCompose.tres
Loading resource: res://entities/player/data/states/katana/Idle.tres
Loading resource: res://entities/player/data/states/katana/Walk.tres
Loading resource: res://entities/player/data/states/katana/Run.tres
Loading resource: res://entities/player/data/states/katana/Jump.tres
Loading resource: res://entities/player/data/states/katana/Fall.tres
Loading resource: res://entities/player/data/states/katana/Dash.tres
Loading resource: res://entities/player/data/states/katana/Attack1.tres
Loading resource: res://entities/player/data/states/katana/Attack2.tres
Loading resource: res://entities/player/data/states/katana/Attack3.tres
Loading resource: res://entities/player/data/states/katana/Attack2.tres
Loading resource: res://entities/player/data/states/katana/Attack3.tres
Loading resource: res://entities/player/data/states/katana/Attack3.tres
Loading resource: res://entities/player/data/states/katana/HeavyAttack.tres
Loading resource: res://entities/player/data/states/katana/DashAttack.tres
Loading resource: res://entities/player/data/states/katana/Hurt.tres
Loading resource: res://entities/player/data/states/katana/Die.tres
Loading resource: res://entities/player/data/states/katana/HyperDash.tres
Loading resource: res://entities/player/data/compose/UnarmedCompose.tres
Loading resource: res://entities/player/data/states/unarmed/Idle.tres
Loading resource: res://entities/player/data/states/unarmed/Walk.tres
Loading resource: res://entities/player/data/states/unarmed/Run.tres
Loading resource: res://entities/player/data/states/unarmed/Jump.tres
Loading resource: res://entities/player/data/states/unarmed/Fall.tres
Loading resource: res://entities/player/data/states/unarmed/Dash.tres
Loading resource: res://entities/player/data/states/unarmed/Attack1.tres
Loading resource: res://entities/player/data/states/unarmed/Attack2.tres
Loading resource: res://entities/player/data/states/unarmed/Attack3.tres
Loading resource: res://entities/player/data/states/unarmed/Attack2.tres
Loading resource: res://entities/player/data/states/unarmed/Attack3.tres
Loading resource: res://entities/player/data/states/unarmed/Attack3.tres
Loading resource: res://entities/player/data/states/unarmed/HeavyAttack.tres
Loading resource: res://entities/player/data/states/unarmed/DashAttack.tres
Loading resource: res://entities/player/data/states/unarmed/HyperDash.tres
Loading resource: res://entities/player/data/states/unarmed/Hurt.tres
Loading resource: res://entities/player/data/states/unarmed/Die.tres
Loading resource: res://entities/player/data/states/unarmed/HyperDash.tres
Loading resource: res://entities/player/data/inventory.tres
Loading resource: res://entities/player/data/items/bow.tres
Loading resource: res://entities/player/data/items/katana.tres
Loading resource: res://entities/player/data/items/unarmed.tres
Loading resource: res://entities/player/data/skills/dash_evasion.tres
Loading resource: res://entities/player/data/skills/movement/DoubleJump.tres
Loading resource: res://entities/player/data/skills/slash_mastery.tres
Loading resource: res://entities/player/data/skill_tree.tres
Loading resource: res://addons/behavior_states/data/config.tres
[  83% ] first_scan_filesystem | Iniciando escaneamento de arquivos...
[ DONE ] first_scan_filesystem

[   0% ] update_scripts_classes | Started Registrando classes globais... (2 steps)
[   0% ] update_scripts_classes | VisualEffectComponent
[  33% ] update_scripts_classes | ClimbComponent
[ DONE ] update_scripts_classes

[   0% ] loading_editor_layout | Started Carregando editor (5 steps)
[   0% ] loading_editor_layout | Carregando layout do editor...
[  16% ] loading_editor_layout | Carregando abas...
[  33% ] loading_editor_layout | Reabrindo cenas...
Loading resource: res://levels/main.tscn
Loading resource: res://levels/main.gd
Loading resource: res://entities/player/player.tscn
Loading resource: res://entities/player/player.gd
Loading resource: res://addons/behavior_states/scenes/panel.tscn
Loading resource: res://addons/behavior_states/scenes/tabs/library.tscn
Loading resource: res://addons/behavior_states/scenes/tabs/editor.tscn
Loading resource: res://addons/behavior_states/scenes/tabs/factory.tscn
Loading resource: res://addons/behavior_states/scenes/tabs/docs_viewer.tscn
Loading resource: res://entities/player/data/character.tres
Loading resource: res://entities/player/data/compose/BowCompose.tres
Loading resource: res://entities/player/data/states/bow/Idle.tres
Loading resource: res://entities/player/data/states/bow/Walk.tres
Loading resource: res://entities/player/data/states/bow/Run.tres
Loading resource: res://entities/player/data/states/bow/Jump.tres
Loading resource: res://entities/player/data/states/bow/Fall.tres
Loading resource: res://entities/player/data/states/bow/Dash.tres
Loading resource: res://entities/player/data/states/bow/AttackLight.tres
Loading resource: res://entities/player/data/states/bow/projectiles/Arrow.tscn
Loading resource: res://entities/player/data/states/bow/AttackLight2.tres
Loading resource: res://entities/player/data/states/bow/AttackLight3.tres
Loading resource: res://entities/player/data/states/bow/AttackLight2.tres
Loading resource: res://entities/player/data/states/bow/AttackLight3.tres
Loading resource: res://entities/player/data/states/bow/AttackLight3.tres
Loading resource: res://entities/player/data/states/bow/AttackHeavy.tres
Loading resource: res://entities/player/data/states/bow/projectiles/Arrow.tscn
Loading resource: res://entities/player/data/states/bow/DashAttack.tres
Loading resource: res://entities/player/data/states/bow/projectiles/Arrow.tscn
Loading resource: res://entities/player/data/states/bow/Hurt.tres
Loading resource: res://entities/player/data/states/bow/Die.tres
Loading resource: res://entities/player/data/states/bow/HyperDash.tres
Loading resource: res://entities/player/data/compose/KatanaCompose.tres
Loading resource: res://entities/player/data/states/katana/Idle.tres
Loading resource: res://entities/player/data/states/katana/Walk.tres
Loading resource: res://entities/player/data/states/katana/Run.tres
Loading resource: res://entities/player/data/states/katana/Jump.tres
Loading resource: res://entities/player/data/states/katana/Fall.tres
Loading resource: res://entities/player/data/states/katana/Dash.tres
Loading resource: res://entities/player/data/states/katana/Attack1.tres
Loading resource: res://entities/player/data/states/katana/Attack2.tres
Loading resource: res://entities/player/data/states/katana/Attack3.tres
Loading resource: res://entities/player/data/states/katana/Attack2.tres
Loading resource: res://entities/player/data/states/katana/Attack3.tres
Loading resource: res://entities/player/data/states/katana/Attack3.tres
Loading resource: res://entities/player/data/states/katana/HeavyAttack.tres
Loading resource: res://entities/player/data/states/katana/DashAttack.tres
Loading resource: res://entities/player/data/states/katana/Hurt.tres
Loading resource: res://entities/player/data/states/katana/Die.tres
Loading resource: res://entities/player/data/states/katana/HyperDash.tres
Loading resource: res://entities/player/data/compose/UnarmedCompose.tres
Loading resource: res://entities/player/data/states/unarmed/Idle.tres
Loading resource: res://entities/player/data/states/unarmed/Walk.tres
Loading resource: res://entities/player/data/states/unarmed/Run.tres
Loading resource: res://entities/player/data/states/unarmed/Jump.tres
Loading resource: res://entities/player/data/states/unarmed/Fall.tres
Loading resource: res://entities/player/data/states/unarmed/Dash.tres
Loading resource: res://entities/player/data/states/unarmed/Attack1.tres
Loading resource: res://entities/player/data/states/unarmed/Attack2.tres
Loading resource: res://entities/player/data/states/unarmed/Attack3.tres
Loading resource: res://entities/player/data/states/unarmed/Attack2.tres
Loading resource: res://entities/player/data/states/unarmed/Attack3.tres
Loading resource: res://entities/player/data/states/unarmed/Attack3.tres
Loading resource: res://entities/player/data/states/unarmed/HeavyAttack.tres
Loading resource: res://entities/player/data/states/unarmed/DashAttack.tres
Loading resource: res://entities/player/data/states/unarmed/HyperDash.tres
Loading resource: res://entities/player/data/states/unarmed/Hurt.tres
Loading resource: res://entities/player/data/states/unarmed/Die.tres
Loading resource: res://entities/player/data/states/unarmed/HyperDash.tres
Loading resource: res://entities/player/data/inventory.tres
Loading resource: res://entities/player/data/items/bow.tres
Loading resource: res://entities/player/data/items/katana.tres
Loading resource: res://entities/player/data/items/unarmed.tres
Loading resource: res://entities/player/data/skills/dash_evasion.tres
Loading resource: res://entities/player/data/skills/movement/DoubleJump.tres
Loading resource: res://entities/player/data/skills/slash_mastery.tres
Loading resource: res://entities/player/data/skill_tree.tres
Loading resource: res://addons/behavior_states/scenes/tabs/library.tscn
Loading resource: res://entities/player/data/character.tres
Loading resource: res://entities/player/data/compose/BowCompose.tres
Loading resource: res://entities/player/data/states/bow/Idle.tres
Loading resource: res://entities/player/data/states/bow/Walk.tres
Loading resource: res://entities/player/data/states/bow/Run.tres
Loading resource: res://entities/player/data/states/bow/Jump.tres
Loading resource: res://entities/player/data/states/bow/Fall.tres
Loading resource: res://entities/player/data/states/bow/Dash.tres
Loading resource: res://entities/player/data/states/bow/AttackLight.tres
Loading resource: res://entities/player/data/states/bow/projectiles/Arrow.tscn
Loading resource: res://entities/player/data/states/bow/AttackLight2.tres
Loading resource: res://entities/player/data/states/bow/AttackLight3.tres
Loading resource: res://entities/player/data/states/bow/AttackLight2.tres
Loading resource: res://entities/player/data/states/bow/AttackLight3.tres
Loading resource: res://entities/player/data/states/bow/AttackLight3.tres
Loading resource: res://entities/player/data/states/bow/AttackHeavy.tres
Loading resource: res://entities/player/data/states/bow/projectiles/Arrow.tscn
Loading resource: res://entities/player/data/states/bow/DashAttack.tres
Loading resource: res://entities/player/data/states/bow/projectiles/Arrow.tscn
Loading resource: res://entities/player/data/states/bow/Hurt.tres
Loading resource: res://entities/player/data/states/bow/Die.tres
Loading resource: res://entities/player/data/states/bow/HyperDash.tres
Loading resource: res://entities/player/data/compose/KatanaCompose.tres
Loading resource: res://entities/player/data/states/katana/Idle.tres
Loading resource: res://entities/player/data/states/katana/Walk.tres
Loading resource: res://entities/player/data/states/katana/Run.tres
Loading resource: res://entities/player/data/states/katana/Jump.tres
Loading resource: res://entities/player/data/states/katana/Fall.tres
Loading resource: res://entities/player/data/states/katana/Dash.tres
Loading resource: res://entities/player/data/states/katana/Attack1.tres
Loading resource: res://entities/player/data/states/katana/Attack2.tres
Loading resource: res://entities/player/data/states/katana/Attack3.tres
Loading resource: res://entities/player/data/states/katana/Attack2.tres
Loading resource: res://entities/player/data/states/katana/Attack3.tres
Loading resource: res://entities/player/data/states/katana/Attack3.tres
Loading resource: res://entities/player/data/states/katana/HeavyAttack.tres
Loading resource: res://entities/player/data/states/katana/DashAttack.tres
Loading resource: res://entities/player/data/states/katana/Hurt.tres
Loading resource: res://entities/player/data/states/katana/Die.tres
Loading resource: res://entities/player/data/states/katana/HyperDash.tres
Loading resource: res://entities/player/data/compose/UnarmedCompose.tres
Loading resource: res://entities/player/data/states/unarmed/Idle.tres
Loading resource: res://entities/player/data/states/unarmed/Walk.tres
Loading resource: res://entities/player/data/states/unarmed/Run.tres
Loading resource: res://entities/player/data/states/unarmed/Jump.tres
Loading resource: res://entities/player/data/states/unarmed/Fall.tres
Loading resource: res://entities/player/data/states/unarmed/Dash.tres
Loading resource: res://entities/player/data/states/unarmed/Attack1.tres
Loading resource: res://entities/player/data/states/unarmed/Attack2.tres
Loading resource: res://entities/player/data/states/unarmed/Attack3.tres
Loading resource: res://entities/player/data/states/unarmed/Attack2.tres
Loading resource: res://entities/player/data/states/unarmed/Attack3.tres
Loading resource: res://entities/player/data/states/unarmed/Attack3.tres
Loading resource: res://entities/player/data/states/unarmed/HeavyAttack.tres
Loading resource: res://entities/player/data/states/unarmed/DashAttack.tres
Loading resource: res://entities/player/data/states/unarmed/HyperDash.tres
Loading resource: res://entities/player/data/states/unarmed/Hurt.tres
Loading resource: res://entities/player/data/states/unarmed/Die.tres
Loading resource: res://entities/player/data/states/unarmed/HyperDash.tres
Loading resource: res://entities/player/data/inventory.tres
Loading resource: res://entities/player/data/items/bow.tres
Loading resource: res://entities/player/data/items/katana.tres
Loading resource: res://entities/player/data/items/unarmed.tres
Loading resource: res://entities/player/data/skills/dash_evasion.tres
Loading resource: res://entities/player/data/skills/movement/DoubleJump.tres
Loading resource: res://entities/player/data/skills/slash_mastery.tres
Loading resource: res://entities/player/data/skill_tree.tres
Loading resource: res://entities/player/player.tscn
[  50% ] loading_editor_layout | Carregando layout do editor central...
[  66% ] loading_editor_layout | Carregando layout da janela de plugins...
[  83% ] loading_editor_layout | Layout do editor pronto.
[ DONE ] loading_editor_layout

Unloading addon: res://addons/behavior_states/plugin.cfg
Script docs haven't been properly loaded or regenerated, so don't save them to disk.
EditorSettings: Save OK!
XR: Clearing primary interface
XR: Removed interface "Native mobile"
XR: Removed interface "OpenXR"
Orphan StringName: Node (static: 10, total: 11)
StringName: 1 unclaimed string names at exit.
